The following modules were not unloaded:
  (Use "module --force purge" to unload all):

  1) CCconfig        6)  ucx/1.14.1         11) flexiblas/3.3.1
  2) gentoo/2023     7)  libfabric/1.18.0   12) imkl/2023.2.0
  3) gcccore/.12.3   8)  pmix/4.2.4         13) StdEnv/2023
  4) gcc/12.3        9)  ucc/1.2.0
  5) hwloc/2.9.1     10) openmpi/4.1.5
2026-03-27 20:19:30,596 INFO CI latent ETTh1: mode=guided stages=0,1,2,3 smoke=False H=128 device=cuda
2026-03-27 20:19:30,597 INFO Loading existing VAE from /scratch/ccao87/ts-sandbox/models/diffusion_tsf/checkpoints_latent/vae_dim1_H128.pt
2026-03-27 20:19:36,563 INFO [iTransformer ETTh1 7var] ep 1  train=0.7588  val=0.6610
2026-03-27 20:19:37,093 INFO [iTransformer ETTh1 7var] ep 2  train=0.5521  val=0.6491
2026-03-27 20:19:37,645 INFO [iTransformer ETTh1 7var] ep 3  train=0.5033  val=0.6660
2026-03-27 20:19:38,092 INFO [iTransformer ETTh1 7var] ep 4  train=0.4572  val=0.6741
2026-03-27 20:19:38,558 INFO [iTransformer ETTh1 7var] ep 5  train=0.4259  val=0.7566
2026-03-27 20:19:39,038 INFO [iTransformer ETTh1 7var] ep 6  train=0.3988  val=0.6898
2026-03-27 20:19:39,506 INFO [iTransformer ETTh1 7var] ep 7  train=0.3970  val=0.6840
2026-03-27 20:19:39,972 INFO [iTransformer ETTh1 7var] ep 8  train=0.3840  val=0.7237
2026-03-27 20:19:40,438 INFO [iTransformer ETTh1 7var] ep 9  train=0.3632  val=0.7246
2026-03-27 20:19:40,911 INFO [iTransformer ETTh1 7var] ep 10  train=0.3453  val=0.7920
2026-03-27 20:19:41,395 INFO [iTransformer ETTh1 7var] ep 11  train=0.3300  val=0.7203
2026-03-27 20:19:41,867 INFO [iTransformer ETTh1 7var] ep 12  train=0.3233  val=0.7133
2026-03-27 20:19:42,341 INFO [iTransformer ETTh1 7var] ep 13  train=0.3080  val=0.7536
2026-03-27 20:19:42,804 INFO [iTransformer ETTh1 7var] ep 14  train=0.2990  val=0.7649
2026-03-27 20:19:43,271 INFO [iTransformer ETTh1 7var] ep 15  train=0.2899  val=0.6523
2026-03-27 20:19:43,740 INFO [iTransformer ETTh1 7var] ep 16  train=0.2830  val=0.7433
2026-03-27 20:19:44,204 INFO [iTransformer ETTh1 7var] ep 17  train=0.2779  val=0.7170
2026-03-27 20:19:44,204 INFO iTransformer ETTh1 saved → /scratch/ccao87/ts-sandbox/models/diffusion_tsf/checkpoints_ci_latent/itransformer_etth1_7var.pt
2026-03-27 20:19:44,213 INFO TimeSeriesTo2D initialized: H=128, MS=3.5
2026-03-27 20:19:44,239 INFO VerticalGaussianBlur initialized: kernel_size=31, sigma=1.0
2026-03-27 20:19:44,253 INFO TimeSeriesContextEncoder: input_ch=2, embed_dim=128, layers=2, heads=4
2026-03-27 20:19:44,335 INFO ConditionalUNet2D initialized with channels=[64, 128, 256], kernel_size=(3, 3)
2026-03-27 20:19:44,335 INFO   Conditioning mode: visual_concat
2026-03-27 20:19:44,335 INFO   Visual concat: 4 past image channels directly concatenated
2026-03-27 20:19:44,335 INFO   Hybrid conditioning enabled: cross-attention with context_dim=128
2026-03-27 20:19:44,344 INFO DiffusionScheduler initialized: T=1000, schedule=linear
2026-03-27 20:19:44,344 INFO LatentDiffusionTSF: H_lat=32, in_ch=9, cz=4, aux=1
2026-03-27 20:19:44,357 INFO RealTS initialized: 100000 samples/epoch, lookback=1024, forecast=192, variables=1
2026-03-27 20:19:44,358 INFO Generating synthetic pool of 100000 samples to /project/6101823/ccao87/diffusion-tsf/synthetic_cache/ci_latent/synth_pool_v1_L1216_N100000.npy...
2026-03-27 20:19:45,550 INFO Synthetic pool progress: 5000 / 100000 (5%)
2026-03-27 20:19:46,731 INFO Synthetic pool progress: 10000 / 100000 (10%)
2026-03-27 20:19:47,914 INFO Synthetic pool progress: 15000 / 100000 (15%)
2026-03-27 20:19:49,084 INFO Synthetic pool progress: 20000 / 100000 (20%)
2026-03-27 20:19:50,269 INFO Synthetic pool progress: 25000 / 100000 (25%)
2026-03-27 20:19:51,466 INFO Synthetic pool progress: 30000 / 100000 (30%)
2026-03-27 20:19:52,660 INFO Synthetic pool progress: 35000 / 100000 (35%)
2026-03-27 20:19:53,839 INFO Synthetic pool progress: 40000 / 100000 (40%)
2026-03-27 20:19:55,024 INFO Synthetic pool progress: 45000 / 100000 (45%)
2026-03-27 20:19:56,213 INFO Synthetic pool progress: 50000 / 100000 (50%)
2026-03-27 20:19:57,396 INFO Synthetic pool progress: 55000 / 100000 (55%)
2026-03-27 20:19:58,575 INFO Synthetic pool progress: 60000 / 100000 (60%)
2026-03-27 20:19:59,754 INFO Synthetic pool progress: 65000 / 100000 (65%)
2026-03-27 20:20:00,942 INFO Synthetic pool progress: 70000 / 100000 (70%)
2026-03-27 20:20:02,118 INFO Synthetic pool progress: 75000 / 100000 (75%)
2026-03-27 20:20:03,280 INFO Synthetic pool progress: 80000 / 100000 (80%)
2026-03-27 20:20:04,448 INFO Synthetic pool progress: 85000 / 100000 (85%)
2026-03-27 20:20:05,612 INFO Synthetic pool progress: 90000 / 100000 (90%)
2026-03-27 20:20:06,782 INFO Synthetic pool progress: 95000 / 100000 (95%)
2026-03-27 20:20:08,461 INFO Pool generation complete.
2026-03-27 20:20:08,462 INFO Created synthetic-only dataloader: 100000 samples/epoch (Pool: 100000), lookback=1024, forecast=192, variables=1
2026-03-27 20:30:28,065 INFO [Pretrain guided] ep 1  train=0.0667  val=0.0381
2026-03-27 20:40:38,836 INFO [Pretrain guided] ep 2  train=0.0387  val=0.0306
2026-03-27 20:50:50,108 INFO [Pretrain guided] ep 3  train=0.0338  val=0.0309
2026-03-27 21:01:01,284 INFO [Pretrain guided] ep 4  train=0.0315  val=0.0269
2026-03-27 21:11:12,209 INFO [Pretrain guided] ep 5  train=0.0304  val=0.0258
2026-03-27 21:21:23,092 INFO [Pretrain guided] ep 6  train=0.0293  val=0.0297
2026-03-27 21:31:33,470 INFO [Pretrain guided] ep 7  train=0.0280  val=0.0271
2026-03-27 21:41:44,104 INFO [Pretrain guided] ep 8  train=0.0276  val=0.0257
2026-03-27 21:51:55,233 INFO [Pretrain guided] ep 9  train=0.0264  val=0.0254
2026-03-27 22:02:06,424 INFO [Pretrain guided] ep 10  train=0.0258  val=0.0254
2026-03-27 22:12:17,469 INFO [Pretrain guided] ep 11  train=0.0254  val=0.0229
2026-03-27 22:22:28,516 INFO [Pretrain guided] ep 12  train=0.0252  val=0.0244
2026-03-27 22:32:38,830 INFO [Pretrain guided] ep 13  train=0.0244  val=0.0209
2026-03-27 22:42:49,321 INFO [Pretrain guided] ep 14  train=0.0240  val=0.0226
2026-03-27 22:52:59,381 INFO [Pretrain guided] ep 15  train=0.0235  val=0.0264
2026-03-27 23:03:09,345 INFO [Pretrain guided] ep 16  train=0.0233  val=0.0215
2026-03-27 23:13:17,436 INFO [Pretrain guided] ep 17  train=0.0232  val=0.0212
2026-03-27 23:23:26,491 INFO [Pretrain guided] ep 18  train=0.0230  val=0.0206
2026-03-27 23:33:35,123 INFO [Pretrain guided] ep 19  train=0.0228  val=0.0210
2026-03-27 23:43:43,427 INFO [Pretrain guided] ep 20  train=0.0227  val=0.0195
2026-03-27 23:53:51,262 INFO [Pretrain guided] ep 21  train=0.0226  val=0.0199
2026-03-28 00:04:00,074 INFO [Pretrain guided] ep 22  train=0.0224  val=0.0210
2026-03-28 00:14:07,935 INFO [Pretrain guided] ep 23  train=0.0223  val=0.0224
2026-03-28 00:24:16,043 INFO [Pretrain guided] ep 24  train=0.0218  val=0.0191
2026-03-28 00:34:25,538 INFO [Pretrain guided] ep 25  train=0.0220  val=0.0194
2026-03-28 00:44:34,237 INFO [Pretrain guided] ep 26  train=0.0217  val=0.0171
2026-03-28 00:54:42,197 INFO [Pretrain guided] ep 27  train=0.0215  val=0.0193
2026-03-28 01:04:49,075 INFO [Pretrain guided] ep 28  train=0.0214  val=0.0204
2026-03-28 01:14:56,837 INFO [Pretrain guided] ep 29  train=0.0213  val=0.0189
2026-03-28 01:25:05,760 INFO [Pretrain guided] ep 30  train=0.0214  val=0.0193
2026-03-28 01:35:13,689 INFO [Pretrain guided] ep 31  train=0.0211  val=0.0188
2026-03-28 01:45:26,448 INFO [Pretrain guided] ep 32  train=0.0208  val=0.0188
2026-03-28 01:55:36,463 INFO [Pretrain guided] ep 33  train=0.0212  val=0.0179
2026-03-28 02:05:45,093 INFO [Pretrain guided] ep 34  train=0.0207  val=0.0196
2026-03-28 02:15:54,767 INFO [Pretrain guided] ep 35  train=0.0210  val=0.0176
2026-03-28 02:26:03,758 INFO [Pretrain guided] ep 36  train=0.0207  val=0.0213
2026-03-28 02:36:11,117 INFO [Pretrain guided] ep 37  train=0.0207  val=0.0233
2026-03-28 02:46:18,828 INFO [Pretrain guided] ep 38  train=0.0207  val=0.0165
2026-03-28 02:56:26,310 INFO [Pretrain guided] ep 39  train=0.0207  val=0.0189
2026-03-28 03:06:35,643 INFO [Pretrain guided] ep 40  train=0.0204  val=0.0190
2026-03-28 03:16:43,729 INFO [Pretrain guided] ep 41  train=0.0205  val=0.0184
2026-03-28 03:26:53,384 INFO [Pretrain guided] ep 42  train=0.0205  val=0.0191
2026-03-28 03:37:01,264 INFO [Pretrain guided] ep 43  train=0.0205  val=0.0182
2026-03-28 03:47:08,974 INFO [Pretrain guided] ep 44  train=0.0205  val=0.0188
2026-03-28 03:57:16,292 INFO [Pretrain guided] ep 45  train=0.0203  val=0.0178
2026-03-28 04:07:23,441 INFO [Pretrain guided] ep 46  train=0.0203  val=0.0164
2026-03-28 04:17:32,889 INFO [Pretrain guided] ep 47  train=0.0204  val=0.0168
2026-03-28 04:27:40,945 INFO [Pretrain guided] ep 48  train=0.0199  val=0.0195
2026-03-28 04:37:51,109 INFO [Pretrain guided] ep 49  train=0.0199  val=0.0179
2026-03-28 04:48:05,134 INFO [Pretrain guided] ep 50  train=0.0202  val=0.0218
2026-03-28 04:58:19,170 INFO [Pretrain guided] ep 51  train=0.0200  val=0.0178
2026-03-28 05:08:33,119 INFO [Pretrain guided] ep 52  train=0.0200  val=0.0181
2026-03-28 05:18:47,229 INFO [Pretrain guided] ep 53  train=0.0198  val=0.0178
2026-03-28 05:29:01,294 INFO [Pretrain guided] ep 54  train=0.0198  val=0.0180
2026-03-28 05:39:15,450 INFO [Pretrain guided] ep 55  train=0.0197  val=0.0199
2026-03-28 05:49:29,523 INFO [Pretrain guided] ep 56  train=0.0198  val=0.0176
2026-03-28 05:59:43,562 INFO [Pretrain guided] ep 57  train=0.0197  val=0.0196
2026-03-28 06:09:58,264 INFO [Pretrain guided] ep 58  train=0.0197  val=0.0166
2026-03-28 06:20:12,330 INFO [Pretrain guided] ep 59  train=0.0196  val=0.0170
2026-03-28 06:30:26,453 INFO [Pretrain guided] ep 60  train=0.0194  val=0.0182
2026-03-28 06:40:40,677 INFO [Pretrain guided] ep 61  train=0.0195  val=0.0174
2026-03-28 06:50:54,957 INFO [Pretrain guided] ep 62  train=0.0193  val=0.0177
2026-03-28 07:01:10,027 INFO [Pretrain guided] ep 63  train=0.0195  val=0.0202
2026-03-28 07:11:23,532 INFO [Pretrain guided] ep 64  train=0.0193  val=0.0164
2026-03-28 07:21:33,905 INFO [Pretrain guided] ep 65  train=0.0194  val=0.0197
2026-03-28 07:31:44,292 INFO [Pretrain guided] ep 66  train=0.0193  val=0.0164
2026-03-28 07:31:44,389 INFO Pretrained guided → /scratch/ccao87/ts-sandbox/models/diffusion_tsf/checkpoints_ci_latent/guided_pretrained_H128.pt
2026-03-28 07:31:44,414 INFO === Stage 3 [guided]: fine-tune + eval on ETTh1 ===
2026-03-28 07:31:44,814 INFO TimeSeriesTo2D initialized: H=128, MS=3.5
2026-03-28 07:31:44,815 INFO VerticalGaussianBlur initialized: kernel_size=31, sigma=1.0
2026-03-28 07:31:44,830 INFO TimeSeriesContextEncoder: input_ch=2, embed_dim=128, layers=2, heads=4
2026-03-28 07:31:44,904 INFO ConditionalUNet2D initialized with channels=[64, 128, 256], kernel_size=(3, 3)
2026-03-28 07:31:44,904 INFO   Conditioning mode: visual_concat
2026-03-28 07:31:44,904 INFO   Visual concat: 4 past image channels directly concatenated
2026-03-28 07:31:44,904 INFO   Hybrid conditioning enabled: cross-attention with context_dim=128
2026-03-28 07:31:44,905 INFO DiffusionScheduler initialized: T=1000, schedule=linear
2026-03-28 07:31:44,906 INFO LatentDiffusionTSF: H_lat=32, in_ch=9, cz=4, aux=1
2026-03-28 07:31:45,022 INFO State-dict missing keys (expected for CI guidance swap): ['guidance_model.model.enc_embedding.value_embedding.weight', 'guidance_model.model.enc_embedding.value_embedding.bias', 'guidance_model.model.encoder.attn_layers.0.attention.query_projection.weight', 'guidance_model.model.encoder.attn_layers.0.attention.query_projection.bias', 'guidance_model.model.encoder.attn_layers.0.attention.key_projection.weight']
2026-03-28 07:32:06,762 INFO [Finetune guided] ep 1  train=0.0335  val=0.0353
2026-03-28 07:32:28,350 INFO [Finetune guided] ep 2  train=0.0312  val=0.0201
2026-03-28 07:32:49,944 INFO [Finetune guided] ep 3  train=0.0290  val=0.0315
2026-03-28 07:33:11,530 INFO [Finetune guided] ep 4  train=0.0294  val=0.0201
2026-03-28 07:33:33,121 INFO [Finetune guided] ep 5  train=0.0305  val=0.0195
2026-03-28 07:33:54,706 INFO [Finetune guided] ep 6  train=0.0291  val=0.0105
2026-03-28 07:34:16,291 INFO [Finetune guided] ep 7  train=0.0277  val=0.0303
2026-03-28 07:34:37,887 INFO [Finetune guided] ep 8  train=0.0273  val=0.0313
2026-03-28 07:34:59,496 INFO [Finetune guided] ep 9  train=0.0278  val=0.0155
2026-03-28 07:35:21,104 INFO [Finetune guided] ep 10  train=0.0275  val=0.0197
2026-03-28 07:35:42,704 INFO [Finetune guided] ep 11  train=0.0281  val=0.0225
2026-03-28 07:36:04,301 INFO [Finetune guided] ep 12  train=0.0280  val=0.0394
2026-03-28 07:36:25,912 INFO [Finetune guided] ep 13  train=0.0275  val=0.0282
2026-03-28 07:36:47,535 INFO [Finetune guided] ep 14  train=0.0276  val=0.0245
2026-03-28 07:37:09,143 INFO [Finetune guided] ep 15  train=0.0273  val=0.0271
2026-03-28 07:37:30,747 INFO [Finetune guided] ep 16  train=0.0274  val=0.0522
2026-03-28 07:38:24,679 INFO [guided] CI diffusion  MSE=1.110750  MAE=0.754786
2026-03-28 07:38:24,939 INFO [baseline] iTransformer  MSE=0.652443  MAE=0.604694
2026-03-28 07:38:24,949 INFO Results → /scratch/ccao87/ts-sandbox/models/diffusion_tsf/results/ci_latent_etth1_guided_H128.json
2026-03-28 07:38:24,949 INFO Summary: {
  "mode": "guided",
  "ci_diffusion_mse": 1.1107503175735474,
  "ci_diffusion_mae": 0.7547863721847534,
  "itransformer_baseline_mse": 0.6524433493614197,
  "itransformer_baseline_mae": 0.604694128036499,
  "num_variates": 7,
  "image_height": 128,
  "forecast_horizon": 192
}
